<?xml version="1.0" encoding="UTF-8"?>
<!-- Generated by org.testng.reporters.JUnitReportReporter -->
<testsuite hostname="GAVLMUMDT-046" failures="0" tests="1" name="test.FTPUploaderTest" time="0.334" errors="0" timestamp="2025-10-23T08:24:37 IST" skipped="0">
  <testcase classname="test.FTPUploaderTest" name="upload" time="0.334"/>
</testsuite> <!-- test.FTPUploaderTest -->
