<?xml version="1.0" encoding="UTF-8"?>
<!-- Generated by org.testng.reporters.JUnitReportReporter -->
<testsuite hostname="GAVLMUMDT-046" failures="0" tests="1" name="test.LiquidationReportTest" time="0.916" errors="0" timestamp="2025-10-24T14:39:18 IST" skipped="0">
  <testcase classname="test.LiquidationReportTest" name="upload" time="0.916"/>
</testsuite> <!-- test.LiquidationReportTest -->
